#
# There is insufficient memory for the Java Runtime Environment to continue.
# Native memory allocation (malloc) failed to allocate 1521936 bytes for Chunk::new
# Possible reasons:
#   The system is out of physical RAM or swap space
#   The process is running with CompressedOops enabled, and the Java Heap may be blocking the growth of the native heap
# Possible solutions:
#   Reduce memory load on the system
#   Increase physical memory or swap space
#   Check if swap backing store is full
#   Decrease Java heap size (-Xmx/-Xms)
#   Decrease number of Java threads
#   Decrease Java thread stack sizes (-Xss)
#   Set larger code cache with -XX:ReservedCodeCacheSize=
#   JVM is running with Unscaled Compressed Oops mode in which the Java heap is
#     placed in the first 4GB address space. The Java Heap base address is the
#     maximum limit for the native heap growth. Please use -XX:HeapBaseMinAddress
#     to set the Java Heap base and to place the Java Heap above 4GB virtual address.
# This output file may be truncated or incomplete.
#
#  Out of Memory Error (allocation.cpp:389), pid=14672, tid=0x00000000000046b8
#
# JRE version: OpenJDK Runtime Environment (8.0_242-b01) (build 1.8.0_242-release-1644-b01)
# Java VM: OpenJDK 64-Bit Server VM (25.242-b01 mixed mode windows-amd64 compressed oops)
# Failed to write core dump. Minidumps are not enabled by default on client versions of Windows
#

---------------  T H R E A D  ---------------

Current thread (0x0000000017368800):  JavaThread "C2 CompilerThread0" daemon [_thread_in_native, id=18104, stack(0x00000000189d0000,0x0000000018ad0000)]

Stack: [0x00000000189d0000,0x0000000018ad0000]
[error occurred during error reporting (printing stack bounds), id 0xc0000005]

Native frames: (J=compiled Java code, j=interpreted, Vv=VM code, C=native code)


Current CompileTask:
C2:2025262 23962 %     4       com.android.tools.r8.ir.optimize.l::p @ 22 (1059 bytes)


---------------  P R O C E S S  ---------------

Java Threads: ( => current thread )
  0x000000001efc0000 JavaThread "stdout" [_thread_in_native, id=17692, stack(0x000000002cf30000,0x000000002d030000)]
  0x000000001efb8800 JavaThread "stderr" [_thread_in_native, id=10652, stack(0x000000002cc50000,0x000000002cd50000)]
  0x000000001efbf800 JavaThread "pool-20-thread-1" [_thread_blocked, id=13260, stack(0x000000002c540000,0x000000002c640000)]
  0x000000001efbe800 JavaThread "WorkerExecutor Queue Thread 2" [_thread_blocked, id=1452, stack(0x000000002c240000,0x000000002c340000)]
  0x000000001efbe000 JavaThread "WorkerExecutor Queue" [_thread_blocked, id=17116, stack(0x000000002be40000,0x000000002bf40000)]
  0x000000001efb6800 JavaThread "Cache worker for execution history cache (C:\Users\EYM\AndroidStudioProjects\Flourish\.gradle\6.5\executionHistory)" [_thread_blocked, id=12804, stack(0x0000000029610000,0x0000000029710000)]
  0x000000001efbd000 JavaThread "Execution worker for ':' Thread 3" [_thread_blocked, id=16060, stack(0x000000002bd40000,0x000000002be40000)]
  0x000000001efba000 JavaThread "Execution worker for ':' Thread 2" [_thread_blocked, id=13344, stack(0x000000002bc40000,0x000000002bd40000)]
  0x0000000018fa8000 JavaThread "Execution worker for ':'" [_thread_blocked, id=4820, stack(0x000000002ab40000,0x000000002ac40000)]
  0x0000000018fa9000 JavaThread "Cache worker for file content cache (C:\Users\EYM\AndroidStudioProjects\Flourish\.gradle\6.5\fileContent)" [_thread_blocked, id=16284, stack(0x0000000029260000,0x0000000029360000)]
  0x0000000018faa800 JavaThread "Cache worker for Build Output Cleanup Cache (C:\Users\EYM\AndroidStudioProjects\Flourish\.gradle\buildOutputCleanup)" [_thread_blocked, id=14344, stack(0x0000000028060000,0x0000000028160000)]
  0x0000000018fa7800 JavaThread "jar transforms Thread 736" [_thread_blocked, id=6356, stack(0x0000000027d60000,0x0000000027e60000)]
  0x0000000018fa6800 JavaThread "jar transforms Thread 735" [_thread_blocked, id=8492, stack(0x0000000027c60000,0x0000000027d60000)]
  0x0000000018fa6000 JavaThread "jar transforms Thread 734" [_thread_blocked, id=9516, stack(0x0000000027b60000,0x0000000027c60000)]
  0x0000000018f9d000 JavaThread "jar transforms Thread 733" [_thread_blocked, id=18184, stack(0x0000000027a60000,0x0000000027b60000)]
  0x0000000018fa3800 JavaThread "jar transforms Thread 732" [_thread_blocked, id=692, stack(0x0000000027960000,0x0000000027a60000)]
  0x0000000018fa3000 JavaThread "jar transforms Thread 731" [_thread_blocked, id=11284, stack(0x0000000027860000,0x0000000027960000)]
  0x0000000018f9b800 JavaThread "jar transforms Thread 730" [_thread_blocked, id=11592, stack(0x0000000027760000,0x0000000027860000)]
  0x0000000018fa2000 JavaThread "jar transforms Thread 729" [_thread_blocked, id=18224, stack(0x0000000027660000,0x0000000027760000)]
  0x0000000018fa1800 JavaThread "jar transforms Thread 728" [_thread_blocked, id=4736, stack(0x0000000027560000,0x0000000027660000)]
  0x0000000018fa0000 JavaThread "jar transforms Thread 727" [_thread_blocked, id=17080, stack(0x0000000027460000,0x0000000027560000)]
  0x0000000018f9f000 JavaThread "jar transforms Thread 726" [_thread_blocked, id=15380, stack(0x0000000027360000,0x0000000027460000)]
  0x0000000018fa0800 JavaThread "jar transforms Thread 725" [_thread_blocked, id=18144, stack(0x0000000027260000,0x0000000027360000)]
  0x0000000018f9e800 JavaThread "jar transforms Thread 724" [_thread_blocked, id=16492, stack(0x0000000027160000,0x0000000027260000)]
  0x0000000018f9d800 JavaThread "jar transforms Thread 723" [_thread_blocked, id=4168, stack(0x0000000027060000,0x0000000027160000)]
  0x0000000018f9c000 JavaThread "jar transforms Thread 722" [_thread_blocked, id=12300, stack(0x0000000026f60000,0x0000000027060000)]
  0x00000000206e9000 JavaThread "jar transforms Thread 721" [_thread_blocked, id=17300, stack(0x0000000026e60000,0x0000000026f60000)]
  0x00000000206e8000 JavaThread "jar transforms Thread 720" [_thread_blocked, id=15628, stack(0x0000000026d60000,0x0000000026e60000)]
  0x00000000206e7800 JavaThread "jar transforms Thread 719" [_thread_blocked, id=6576, stack(0x0000000026c60000,0x0000000026d60000)]
  0x00000000206ea800 JavaThread "jar transforms Thread 718" [_thread_blocked, id=8660, stack(0x0000000026b60000,0x0000000026c60000)]
  0x00000000206e6000 JavaThread "jar transforms Thread 717" [_thread_blocked, id=17372, stack(0x0000000026a60000,0x0000000026b60000)]
  0x00000000206e0800 JavaThread "jar transforms Thread 716" [_thread_blocked, id=17680, stack(0x0000000026960000,0x0000000026a60000)]
  0x00000000206e6800 JavaThread "jar transforms Thread 715" [_thread_blocked, id=18020, stack(0x0000000026860000,0x0000000026960000)]
  0x00000000206e0000 JavaThread "jar transforms Thread 714" [_thread_blocked, id=12236, stack(0x0000000026760000,0x0000000026860000)]
  0x00000000206e5000 JavaThread "jar transforms Thread 713" [_thread_blocked, id=16764, stack(0x0000000026660000,0x0000000026760000)]
  0x00000000206dd800 JavaThread "jar transforms Thread 712" [_thread_blocked, id=13672, stack(0x0000000026560000,0x0000000026660000)]
  0x00000000206e4800 JavaThread "jar transforms Thread 711" [_thread_blocked, id=7428, stack(0x0000000026460000,0x0000000026560000)]
  0x00000000206de800 JavaThread "jar transforms Thread 710" [_thread_blocked, id=6564, stack(0x0000000026360000,0x0000000026460000)]
  0x00000000206e3800 JavaThread "jar transforms Thread 709" [_thread_blocked, id=3152, stack(0x0000000026260000,0x0000000026360000)]
  0x00000000206e3000 JavaThread "jar transforms Thread 708" [_thread_blocked, id=6412, stack(0x0000000026160000,0x0000000026260000)]
  0x00000000206db800 JavaThread "jar transforms Thread 707" [_thread_blocked, id=12584, stack(0x0000000026060000,0x0000000026160000)]
  0x00000000206e2000 JavaThread "jar transforms Thread 706" [_thread_blocked, id=17724, stack(0x0000000025f60000,0x0000000026060000)]
  0x00000000206dc000 JavaThread "jar transforms Thread 705" [_thread_blocked, id=17184, stack(0x0000000025e60000,0x0000000025f60000)]
  0x00000000206dd000 JavaThread "jar transforms Thread 704" [_thread_blocked, id=536, stack(0x0000000025d60000,0x0000000025e60000)]
  0x000000001af56800 JavaThread "jar transforms Thread 703" [_thread_blocked, id=18396, stack(0x0000000025c60000,0x0000000025d60000)]
  0x000000001af54000 JavaThread "jar transforms Thread 702" [_thread_blocked, id=6136, stack(0x0000000025b60000,0x0000000025c60000)]
  0x000000001af53800 JavaThread "jar transforms Thread 701" [_thread_blocked, id=18320, stack(0x0000000025a60000,0x0000000025b60000)]
  0x000000001af55000 JavaThread "jar transforms Thread 700" [_thread_blocked, id=10084, stack(0x0000000025960000,0x0000000025a60000)]
  0x000000001af52800 JavaThread "jar transforms Thread 699" [_thread_blocked, id=5252, stack(0x0000000025860000,0x0000000025960000)]
  0x000000001af52000 JavaThread "jar transforms Thread 698" [_thread_blocked, id=8072, stack(0x0000000025760000,0x0000000025860000)]
  0x000000001af55800 JavaThread "jar transforms Thread 697" [_thread_blocked, id=10752, stack(0x0000000025660000,0x0000000025760000)]
  0x000000001af4a800 JavaThread "jar transforms Thread 696" [_thread_blocked, id=11008, stack(0x0000000025560000,0x0000000025660000)]
  0x000000001af51000 JavaThread "jar transforms Thread 695" [_thread_blocked, id=1776, stack(0x0000000025460000,0x0000000025560000)]
  0x000000001af50800 JavaThread "jar transforms Thread 694" [_thread_blocked, id=2796, stack(0x0000000025360000,0x0000000025460000)]
  0x000000001af49000 JavaThread "jar transforms Thread 693" [_thread_blocked, id=10228, stack(0x0000000025260000,0x0000000025360000)]
  0x000000001af4f800 JavaThread "jar transforms Thread 692" [_thread_blocked, id=12612, stack(0x0000000025160000,0x0000000025260000)]
  0x000000001af48000 JavaThread "jar transforms Thread 691" [_thread_blocked, id=17308, stack(0x0000000025060000,0x0000000025160000)]
  0x000000001af4f000 JavaThread "jar transforms Thread 690" [_thread_blocked, id=5460, stack(0x0000000024f60000,0x0000000025060000)]
  0x000000001af4e000 JavaThread "jar transforms Thread 689" [_thread_blocked, id=15872, stack(0x0000000024e60000,0x0000000024f60000)]
  0x000000001af49800 JavaThread "jar transforms Thread 688" [_thread_blocked, id=10608, stack(0x0000000024d60000,0x0000000024e60000)]
  0x000000001af47800 JavaThread "jar transforms Thread 687" [_thread_blocked, id=10728, stack(0x0000000024c60000,0x0000000024d60000)]
  0x000000001af4d800 JavaThread "jar transforms Thread 686" [_thread_blocked, id=13432, stack(0x0000000024b60000,0x0000000024c60000)]
  0x000000001af4c000 JavaThread "jar transforms Thread 685" [_thread_blocked, id=376, stack(0x0000000024a60000,0x0000000024b60000)]
  0x0000000020695800 JavaThread "jar transforms Thread 684" [_thread_blocked, id=17892, stack(0x0000000024960000,0x0000000024a60000)]
  0x000000002068e000 JavaThread "jar transforms Thread 683" [_thread_blocked, id=4236, stack(0x0000000024860000,0x0000000024960000)]
  0x0000000020694800 JavaThread "jar transforms Thread 682" [_thread_blocked, id=14112, stack(0x0000000024760000,0x0000000024860000)]
  0x0000000020694000 JavaThread "jar transforms Thread 681" [_thread_blocked, id=12600, stack(0x0000000024660000,0x0000000024760000)]
  0x0000000020693000 JavaThread "jar transforms Thread 680" [_thread_blocked, id=18420, stack(0x0000000024560000,0x0000000024660000)]
  0x0000000020692800 JavaThread "jar transforms Thread 679" [_thread_blocked, id=1836, stack(0x0000000024460000,0x0000000024560000)]
  0x0000000020691000 JavaThread "jar transforms Thread 678" [_thread_blocked, id=12380, stack(0x0000000024360000,0x0000000024460000)]
  0x0000000020690000 JavaThread "jar transforms Thread 677" [_thread_blocked, id=17928, stack(0x0000000024260000,0x0000000024360000)]
  0x000000002068f800 JavaThread "jar transforms Thread 676" [_thread_blocked, id=8036, stack(0x0000000024160000,0x0000000024260000)]
  0x0000000020691800 JavaThread "jar transforms Thread 675" [_thread_blocked, id=5288, stack(0x0000000024060000,0x0000000024160000)]
  0x000000002068e800 JavaThread "jar transforms Thread 674" [_thread_blocked, id=14436, stack(0x0000000023f60000,0x0000000024060000)]
  0x0000000020686800 JavaThread "jar transforms Thread 673" [_thread_blocked, id=13488, stack(0x0000000023e60000,0x0000000023f60000)]
  0x000000002068c800 JavaThread "jar transforms Thread 672" [_thread_blocked, id=15692, stack(0x0000000023d60000,0x0000000023e60000)]
  0x000000002068a000 JavaThread "jar transforms Thread 671" [_thread_blocked, id=18392, stack(0x0000000023c60000,0x0000000023d60000)]
  0x0000000020689800 JavaThread "jar transforms Thread 670" [_thread_blocked, id=10708, stack(0x0000000023b60000,0x0000000023c60000)]
  0x0000000020688800 JavaThread "jar transforms Thread 669" [_thread_blocked, id=5888, stack(0x0000000023a60000,0x0000000023b60000)]
  0x000000002068b800 JavaThread "jar transforms Thread 668" [_thread_blocked, id=16576, stack(0x0000000023960000,0x0000000023a60000)]
  0x0000000020687000 JavaThread "jar transforms Thread 667" [_thread_blocked, id=13192, stack(0x0000000023860000,0x0000000023960000)]
  0x000000002068b000 JavaThread "jar transforms Thread 666" [_thread_blocked, id=16100, stack(0x0000000023760000,0x0000000023860000)]
  0x000000001fea4800 JavaThread "jar transforms Thread 665" [_thread_blocked, id=9392, stack(0x0000000023660000,0x0000000023760000)]
  0x000000001fea6000 JavaThread "jar transforms Thread 664" [_thread_blocked, id=11920, stack(0x0000000023560000,0x0000000023660000)]
  0x000000001fea3000 JavaThread "jar transforms Thread 663" [_thread_blocked, id=17540, stack(0x0000000023460000,0x0000000023560000)]
  0x000000001fea7000 JavaThread "jar transforms Thread 662" [_thread_blocked, id=14384, stack(0x0000000023360000,0x0000000023460000)]
  0x000000001feaa000 JavaThread "jar transforms Thread 661" [_thread_blocked, id=6948, stack(0x0000000023260000,0x0000000023360000)]
  0x000000001fea4000 JavaThread "jar transforms Thread 660" [_thread_blocked, id=1160, stack(0x0000000022f60000,0x0000000023060000)]
  0x000000001fea2800 JavaThread "jar transforms Thread 659" [_thread_blocked, id=12552, stack(0x0000000022d60000,0x0000000022e60000)]
  0x000000001fea9000 JavaThread "jar transforms Thread 658" [_thread_blocked, id=7804, stack(0x0000000022c60000,0x0000000022d60000)]
  0x000000001fea5800 JavaThread "jar transforms Thread 657" [_thread_blocked, id=18076, stack(0x0000000022b60000,0x0000000022c60000)]
  0x000000001fea7800 JavaThread "jar transforms Thread 656" [_thread_blocked, id=3812, stack(0x0000000022a60000,0x0000000022b60000)]
  0x000000001fe9a800 JavaThread "jar transforms Thread 655" [_thread_blocked, id=16388, stack(0x0000000022960000,0x0000000022a60000)]
  0x000000001fe9c000 JavaThread "jar transforms Thread 654" [_thread_blocked, id=10668, stack(0x0000000022860000,0x0000000022960000)]
  0x000000001fe9e800 JavaThread "jar transforms Thread 653" [_thread_blocked, id=13460, stack(0x0000000022760000,0x0000000022860000)]
  0x000000001fea1800 JavaThread "jar transforms Thread 652" [_thread_blocked, id=12308, stack(0x0000000022660000,0x0000000022760000)]
  0x000000001fe9d800 JavaThread "jar transforms Thread 651" [_thread_blocked, id=14548, stack(0x0000000022560000,0x0000000022660000)]
  0x000000001fe9f000 JavaThread "jar transforms Thread 650" [_thread_blocked, id=15536, stack(0x0000000022460000,0x0000000022560000)]
  0x000000001fe9d000 JavaThread "jar transforms Thread 649" [_thread_blocked, id=12128, stack(0x0000000022360000,0x0000000022460000)]
  0x000000001fea0800 JavaThread "jar transforms Thread 648" [_thread_blocked, id=8716, stack(0x0000000022260000,0x0000000022360000)]
  0x000000001fe9b800 JavaThread "jar transforms Thread 647" [_thread_blocked, id=17136, stack(0x0000000022160000,0x0000000022260000)]
  0x000000001fea0000 JavaThread "jar transforms Thread 646" [_thread_blocked, id=5160, stack(0x0000000022060000,0x0000000022160000)]
  0x000000002a0c5800 JavaThread "jar transforms Thread 645" [_thread_blocked, id=16776, stack(0x0000000021f60000,0x0000000022060000)]
  0x000000002a0ca000 JavaThread "Build operations Thread 4" [_thread_blocked, id=1088, stack(0x0000000021e60000,0x0000000021f60000)]
  0x000000002a0c9800 JavaThread "Build operations Thread 3" [_thread_blocked, id=12504, stack(0x0000000021660000,0x0000000021760000)]
  0x000000002a0c8800 JavaThread "Build operations Thread 2" [_thread_blocked, id=4528, stack(0x0000000020d90000,0x0000000020e90000)]
  0x000000002a0cb000 JavaThread "Build operations" [_thread_in_Java, id=6976, stack(0x0000000020c90000,0x0000000020d90000)]
  0x000000002a0c7000 JavaThread "Cache worker for cache directory md-rule (C:\Users\EYM\.gradle\caches\6.5\md-rule)" [_thread_blocked, id=17512, stack(0x0000000020b90000,0x0000000020c90000)]
  0x000000002a0c5000 JavaThread "Cache worker for cache directory md-supplier (C:\Users\EYM\.gradle\caches\6.5\md-supplier)" [_thread_blocked, id=14004, stack(0x0000000020a90000,0x0000000020b90000)]
  0x000000002a0c6800 JavaThread "Cache worker for checksums cache (C:\Users\EYM\AndroidStudioProjects\Flourish\.gradle\checksums)" [_thread_blocked, id=15796, stack(0x000000001cc80000,0x000000001cd80000)]
  0x000000002a0c8000 JavaThread "Cache worker for file hash cache (C:\Users\EYM\AndroidStudioProjects\Flourish\.gradle\6.5\fileHashes)" [_thread_blocked, id=17360, stack(0x000000001cb80000,0x000000001cc80000)]
  0x000000002a0bd800 JavaThread "Thread-825" [_thread_blocked, id=16608, stack(0x000000001ca80000,0x000000001cb80000)]
  0x000000002a0bc800 JavaThread "Stdin handler" [_thread_blocked, id=15068, stack(0x000000001c980000,0x000000001ca80000)]
  0x000000002a0bc000 JavaThread "Asynchronous log dispatcher for DefaultDaemonConnection: socket connection from /127.0.0.1:54900 to /127.0.0.1:57028" [_thread_blocked, id=16648, stack(0x000000001c880000,0x000000001c980000)]
  0x000000002a0c2800 JavaThread "Daemon worker Thread 8" [_thread_blocked, id=10196, stack(0x000000001c220000,0x000000001c320000)]
  0x000000002a0c0800 JavaThread "Cancel handler" [_thread_blocked, id=7324, stack(0x00000000023c0000,0x00000000024c0000)]
  0x000000002a0bf000 JavaThread "Handler for socket connection from /127.0.0.1:54900 to /127.0.0.1:57028" [_thread_in_native, id=2044, stack(0x0000000000a50000,0x0000000000b50000)]
  0x000000002a0bf800 JavaThread "Daemon Thread 8" [_thread_blocked, id=2692, stack(0x0000000000950000,0x0000000000a50000)]
  0x000000001fea8800 JavaThread "Cache worker for Java compile cache (C:\Users\EYM\.gradle\caches\6.5\javaCompile)" [_thread_blocked, id=11700, stack(0x000000002bf40000,0x000000002c040000)]
  0x000000001e204800 JavaThread "Memory manager" [_thread_blocked, id=17944, stack(0x0000000028f60000,0x0000000029060000)]
  0x000000001efb7000 JavaThread "Cache worker for file content cache (C:\Users\EYM\.gradle\caches\6.5\fileContent)" [_thread_blocked, id=3504, stack(0x0000000021760000,0x0000000021860000)]
  0x000000001ad02000 JavaThread "Cache worker for execution history cache (C:\Users\EYM\.gradle\caches\6.5\executionHistory)" [_thread_blocked, id=11196, stack(0x0000000020f60000,0x0000000021060000)]
  0x000000001ad05800 JavaThread "Cache worker for file hash cache (C:\Users\EYM\.gradle\caches\6.5\fileHashes)" [_thread_blocked, id=2652, stack(0x000000001d380000,0x000000001d480000)]
  0x000000001ad01000 JavaThread "File lock request listener" [_thread_in_native, id=11988, stack(0x000000001d280000,0x000000001d380000)]
  0x000000001ad05000 JavaThread "Cache worker for journal cache (C:\Users\EYM\.gradle\caches\journal-1)" [_thread_blocked, id=14692, stack(0x000000001d180000,0x000000001d280000)]
  0x000000001ad99000 JavaThread "Daemon periodic checks" [_thread_blocked, id=17464, stack(0x000000001c580000,0x000000001c680000)]
  0x000000001ad89000 JavaThread "Incoming local TCP Connector on port 54900" [_thread_in_native, id=12168, stack(0x000000001c320000,0x000000001c420000)]
  0x000000001ad53000 JavaThread "Daemon health stats" [_thread_blocked, id=8704, stack(0x000000001bce0000,0x000000001bde0000)]
  0x00000000173bd800 JavaThread "Service Thread" daemon [_thread_blocked, id=16888, stack(0x00000000190d0000,0x00000000191d0000)]
  0x000000001737c000 JavaThread "C1 CompilerThread2" daemon [_thread_blocked, id=3080, stack(0x0000000018bd0000,0x0000000018cd0000)]
  0x000000001736c000 JavaThread "C2 CompilerThread1" daemon [_thread_blocked, id=12024, stack(0x0000000018ad0000,0x0000000018bd0000)]
=>0x0000000017368800 JavaThread "C2 CompilerThread0" daemon [_thread_in_native, id=18104, stack(0x00000000189d0000,0x0000000018ad0000)]
  0x0000000017364000 JavaThread "Attach Listener" daemon [_thread_blocked, id=16168, stack(0x00000000188d0000,0x00000000189d0000)]
  0x0000000017362800 JavaThread "Signal Dispatcher" daemon [_thread_blocked, id=16920, stack(0x00000000187d0000,0x00000000188d0000)]
  0x000000000270a000 JavaThread "Finalizer" daemon [_thread_blocked, id=9308, stack(0x00000000185b0000,0x00000000186b0000)]
  0x0000000002701000 JavaThread "Reference Handler" daemon [_thread_blocked, id=17012, stack(0x00000000184b0000,0x00000000185b0000)]
  0x00000000023bd800 JavaThread "main" [_thread_blocked, id=12396, stack(0x0000000002510000,0x0000000002610000)]

Other Threads:
  0x0000000017326800 VMThread [stack: 0x00000000183b0000,0x00000000184b0000] [id=11904]
  0x0000000018d24800 WatcherThread [stack: 0x00000000191d0000,0x00000000192d0000] [id=5508]

VM state:not at safepoint (normal execution)

VM Mutex/Monitor currently owned by a thread: None

heap address: 0x0000000080000000, size: 2048 MB, Compressed Oops mode: 32-bit
Narrow klass base: 0x0000000000000000, Narrow klass shift: 3
Compressed class space size: 1073741824 Address: 0x0000000100000000

Heap:
 PSYoungGen      total 650240K, used 108861K [0x00000000d5580000, 0x00000000ffc80000, 0x0000000100000000)
  eden space 609280K, 16% used [0x00000000d5580000,0x00000000db7a4438,0x00000000fa880000)
  from space 40960K, 20% used [0x00000000fd480000,0x00000000fdcab330,0x00000000ffc80000)
  to   space 43008K, 0% used [0x00000000fa880000,0x00000000fa880000,0x00000000fd280000)
 ParOldGen       total 207360K, used 85374K [0x0000000080000000, 0x000000008ca80000, 0x00000000d5580000)
  object space 207360K, 41% used [0x0000000080000000,0x000000008535f8f8,0x000000008ca80000)
 Metaspace       used 106753K, capacity 113341K, committed 113560K, reserved 1146880K
  class space    used 13943K, capacity 15177K, committed 15272K, reserved 1048576K

Card table byte_map: [0x0000000011ad0000,0x0000000011ee0000] byte_map_base: 0x00000000116d0000

Marking Bits: (ParMarkBitMap*) 0x000000006be9f030
 Begin Bits: [0x0000000012590000, 0x0000000014590000)
 End Bits:   [0x0000000014590000, 0x0000000016590000)

Polling page: 0x00000000023a0000

CodeCache: size=245760Kb used=69238Kb max_used=69598Kb free=176521Kb
 bounds [0x0000000002710000, 0x0000000006bf0000, 0x0000000011710000]
 total_blobs=19676 nmethods=18786 adapters=800
 compilation: enabled

Compilation events (10 events):
Event: 2025.147 Thread 0x000000001736c000 23960       4       com.android.tools.r8.utils.T::a (57 bytes)
Event: 2025.148 Thread 0x000000001736c000 nmethod 23960 0x000000000450b0d0 code [0x000000000450b200, 0x000000000450b298]
Event: 2025.148 Thread 0x000000001736c000 23958       4       com.android.tools.r8.ir.regalloc.a::a (264 bytes)
Event: 2025.184 Thread 0x000000001736c000 nmethod 23958 0x000000000633ab10 code [0x000000000633ad80, 0x000000000633c788]
Event: 2025.184 Thread 0x000000001736c000 23967       4       com.android.tools.r8.ir.optimize.l::b (42 bytes)
Event: 2025.190 Thread 0x000000001736c000 nmethod 23967 0x0000000004d0c9d0 code [0x0000000004d0cb40, 0x0000000004d0ce78]
Event: 2025.190 Thread 0x000000001736c000 23961       4       com.android.tools.r8.s.a.p.u::a (59 bytes)
Event: 2025.211 Thread 0x000000001736c000 nmethod 23961 0x00000000062aa0d0 code [0x00000000062aa400, 0x00000000062ab2c0]
Event: 2025.211 Thread 0x000000001736c000 23972       4       com.android.tools.r8.s.b.q1::F (23 bytes)
Event: 2025.213 Thread 0x000000001736c000 nmethod 23972 0x0000000004bf3210 code [0x0000000004bf3360, 0x0000000004bf34d8]

GC Heap History (10 events):
Event: 1991.626 GC heap before
{Heap before GC invocations=31 (full 4):
 PSYoungGen      total 601600K, used 569232K [0x00000000d5580000, 0x00000000fd500000, 0x0000000100000000)
  eden space 557568K, 100% used [0x00000000d5580000,0x00000000f7600000,0x00000000f7600000)
  from space 44032K, 26% used [0x00000000faa00000,0x00000000fb564300,0x00000000fd500000)
  to   space 48640K, 0% used [0x00000000f7600000,0x00000000f7600000,0x00000000fa580000)
 ParOldGen       total 155648K, used 123406K [0x0000000080000000, 0x0000000089800000, 0x00000000d5580000)
  object space 155648K, 79% used [0x0000000080000000,0x0000000087883bf8,0x0000000089800000)
 Metaspace       used 106643K, capacity 113229K, committed 113560K, reserved 1146880K
  class space    used 13946K, capacity 15185K, committed 15272K, reserved 1048576K
Event: 1991.711 GC heap after
Heap after GC invocations=31 (full 4):
 PSYoungGen      total 606208K, used 5694K [0x00000000d5580000, 0x0000000100000000, 0x0000000100000000)
  eden space 557568K, 0% used [0x00000000d5580000,0x00000000d5580000,0x00000000f7600000)
  from space 48640K, 11% used [0x00000000f7600000,0x00000000f7b8f8b8,0x00000000fa580000)
  to   space 48128K, 0% used [0x00000000fd100000,0x00000000fd100000,0x0000000100000000)
 ParOldGen       total 155648K, used 127316K [0x0000000080000000, 0x0000000089800000, 0x00000000d5580000)
  object space 155648K, 81% used [0x0000000080000000,0x0000000087c55330,0x0000000089800000)
 Metaspace       used 106643K, capacity 113229K, committed 113560K, reserved 1146880K
  class space    used 13946K, capacity 15185K, committed 15272K, reserved 1048576K
}
Event: 1994.435 GC heap before
{Heap before GC invocations=32 (full 4):
 PSYoungGen      total 606208K, used 563262K [0x00000000d5580000, 0x0000000100000000, 0x0000000100000000)
  eden space 557568K, 100% used [0x00000000d5580000,0x00000000f7600000,0x00000000f7600000)
  from space 48640K, 11% used [0x00000000f7600000,0x00000000f7b8f8b8,0x00000000fa580000)
  to   space 48128K, 0% used [0x00000000fd100000,0x00000000fd100000,0x0000000100000000)
 ParOldGen       total 155648K, used 127316K [0x0000000080000000, 0x0000000089800000, 0x00000000d5580000)
  object space 155648K, 81% used [0x0000000080000000,0x0000000087c55330,0x0000000089800000)
 Metaspace       used 106710K, capacity 113305K, committed 113560K, reserved 1146880K
  class space    used 13948K, capacity 15187K, committed 15272K, reserved 1048576K
Event: 1994.849 GC heap after
Heap after GC invocations=32 (full 4):
 PSYoungGen      total 643584K, used 17331K [0x00000000d5580000, 0x00000000ff980000, 0x0000000100000000)
  eden space 602112K, 0% used [0x00000000d5580000,0x00000000d5580000,0x00000000fa180000)
  from space 41472K, 41% used [0x00000000fd100000,0x00000000fe1ecd10,0x00000000ff980000)
  to   space 45056K, 0% used [0x00000000fa180000,0x00000000fa180000,0x00000000fcd80000)
 ParOldGen       total 155648K, used 129126K [0x0000000080000000, 0x0000000089800000, 0x00000000d5580000)
  object space 155648K, 82% used [0x0000000080000000,0x0000000087e19b18,0x0000000089800000)
 Metaspace       used 106710K, capacity 113305K, committed 113560K, reserved 1146880K
  class space    used 13948K, capacity 15187K, committed 15272K, reserved 1048576K
}
Event: 2000.689 GC heap before
{Heap before GC invocations=33 (full 4):
 PSYoungGen      total 643584K, used 619443K [0x00000000d5580000, 0x00000000ff980000, 0x0000000100000000)
  eden space 602112K, 100% used [0x00000000d5580000,0x00000000fa180000,0x00000000fa180000)
  from space 41472K, 41% used [0x00000000fd100000,0x00000000fe1ecd10,0x00000000ff980000)
  to   space 45056K, 0% used [0x00000000fa180000,0x00000000fa180000,0x00000000fcd80000)
 ParOldGen       total 155648K, used 129126K [0x0000000080000000, 0x0000000089800000, 0x00000000d5580000)
  object space 155648K, 82% used [0x0000000080000000,0x0000000087e19b18,0x0000000089800000)
 Metaspace       used 106726K, capacity 113305K, committed 113560K, reserved 1146880K
  class space    used 13948K, capacity 15187K, committed 15272K, reserved 1048576K
Event: 2000.956 GC heap after
Heap after GC invocations=33 (full 4):
 PSYoungGen      total 647168K, used 3168K [0x00000000d5580000, 0x0000000100000000, 0x0000000100000000)
  eden space 602112K, 0% used [0x00000000d5580000,0x00000000d5580000,0x00000000fa180000)
  from space 45056K, 7% used [0x00000000fa180000,0x00000000fa498010,0x00000000fcd80000)
  to   space 44544K, 0% used [0x00000000fd480000,0x00000000fd480000,0x0000000100000000)
 ParOldGen       total 155648K, used 139894K [0x0000000080000000, 0x0000000089800000, 0x00000000d5580000)
  object space 155648K, 89% used [0x0000000080000000,0x000000008889d9a0,0x0000000089800000)
 Metaspace       used 106726K, capacity 113305K, committed 113560K, reserved 1146880K
  class space    used 13948K, capacity 15187K, committed 15272K, reserved 1048576K
}
Event: 2000.956 GC heap before
{Heap before GC invocations=34 (full 5):
 PSYoungGen      total 647168K, used 3168K [0x00000000d5580000, 0x0000000100000000, 0x0000000100000000)
  eden space 602112K, 0% used [0x00000000d5580000,0x00000000d5580000,0x00000000fa180000)
  from space 45056K, 7% used [0x00000000fa180000,0x00000000fa498010,0x00000000fcd80000)
  to   space 44544K, 0% used [0x00000000fd480000,0x00000000fd480000,0x0000000100000000)
 ParOldGen       total 155648K, used 139894K [0x0000000080000000, 0x0000000089800000, 0x00000000d5580000)
  object space 155648K, 89% used [0x0000000080000000,0x000000008889d9a0,0x0000000089800000)
 Metaspace       used 106726K, capacity 113305K, committed 113560K, reserved 1146880K
  class space    used 13948K, capacity 15187K, committed 15272K, reserved 1048576K
Event: 2005.982 GC heap after
Heap after GC invocations=34 (full 5):
 PSYoungGen      total 647168K, used 0K [0x00000000d5580000, 0x0000000100000000, 0x0000000100000000)
  eden space 602112K, 0% used [0x00000000d5580000,0x00000000d5580000,0x00000000fa180000)
  from space 45056K, 0% used [0x00000000fa180000,0x00000000fa180000,0x00000000fcd80000)
  to   space 44544K, 0% used [0x00000000fd480000,0x00000000fd480000,0x0000000100000000)
 ParOldGen       total 207360K, used 85366K [0x0000000080000000, 0x000000008ca80000, 0x00000000d5580000)
  object space 207360K, 41% used [0x0000000080000000,0x000000008535d8f8,0x000000008ca80000)
 Metaspace       used 106711K, capacity 113269K, committed 113560K, reserved 1146880K
  class space    used 13942K, capacity 15177K, committed 15272K, reserved 1048576K
}
Event: 2019.248 GC heap before
{Heap before GC invocations=35 (full 5):
 PSYoungGen      total 647168K, used 602112K [0x00000000d5580000, 0x0000000100000000, 0x0000000100000000)
  eden space 602112K, 100% used [0x00000000d5580000,0x00000000fa180000,0x00000000fa180000)
  from space 45056K, 0% used [0x00000000fa180000,0x00000000fa180000,0x00000000fcd80000)
  to   space 44544K, 0% used [0x00000000fd480000,0x00000000fd480000,0x0000000100000000)
 ParOldGen       total 207360K, used 85366K [0x0000000080000000, 0x000000008ca80000, 0x00000000d5580000)
  object space 207360K, 41% used [0x0000000080000000,0x000000008535d8f8,0x000000008ca80000)
 Metaspace       used 106751K, capacity 113341K, committed 113560K, reserved 1146880K
  class space    used 13943K, capacity 15177K, committed 15272K, reserved 1048576K
Event: 2020.833 GC heap after
Heap after GC invocations=35 (full 5):
 PSYoungGen      total 650240K, used 8364K [0x00000000d5580000, 0x00000000ffc80000, 0x0000000100000000)
  eden space 609280K, 0% used [0x00000000d5580000,0x00000000d5580000,0x00000000fa880000)
  from space 40960K, 20% used [0x00000000fd480000,0x00000000fdcab330,0x00000000ffc80000)
  to   space 43008K, 0% used [0x00000000fa880000,0x00000000fa880000,0x00000000fd280000)
 ParOldGen       total 207360K, used 85374K [0x0000000080000000, 0x000000008ca80000, 0x00000000d5580000)
  object space 207360K, 41% used [0x0000000080000000,0x000000008535f8f8,0x000000008ca80000)
 Metaspace       used 106751K, capacity 113341K, committed 113560K, reserved 1146880K
  class space    used 13943K, capacity 15177K, committed 15272K, reserved 1048576K
}

Deoptimization events (10 events):
Event: 2007.591 Thread 0x000000002a0ca000 Uncommon trap: reason=class_check action=maybe_recompile pc=0x00000000065ff6cc method=com.android.tools.r8.ir.conversion.o.a(Lcom/android/tools/r8/ir/conversion/N;IZ)V @ 524
Event: 2010.862 Thread 0x000000002a0ca000 Uncommon trap: reason=unstable_if action=reinterpret pc=0x0000000004c23c24 method=com.android.tools.r8.ir.optimize.l.b(Lcom/android/tools/r8/s/b/k0;)Z @ 11
Event: 2010.917 Thread 0x000000002a0ca000 Uncommon trap: reason=unstable_if action=reinterpret pc=0x0000000005b94b98 method=com.android.tools.r8.utils.T.a(C)Z @ 33
Event: 2011.099 Thread 0x000000002a0c8800 Uncommon trap: reason=null_check action=make_not_entrant pc=0x0000000006359ba0 method=com.android.tools.r8.ir.optimize.e0.b(Lcom/android/tools/r8/s/b/o;)V @ 8
Event: 2011.697 Thread 0x000000002a0c9800 Uncommon trap: reason=unstable_if action=reinterpret pc=0x0000000003d0fc94 method=com.android.tools.r8.ir.regalloc.h.a(ILcom/android/tools/r8/ir/regalloc/h$a;)Z @ 73
Event: 2013.541 Thread 0x000000002a0cb000 Uncommon trap: reason=unstable_if action=reinterpret pc=0x00000000049198bc method=java.util.concurrent.ConcurrentHashMap.computeIfAbsent(Ljava/lang/Object;Ljava/util/function/Function;)Ljava/lang/Object; @ 281
Event: 2014.808 Thread 0x000000002a0cb000 Uncommon trap: reason=unstable_if action=reinterpret pc=0x0000000004b2c7d4 method=com.android.tools.r8.t.a.a.a.h.a0$f.hasNext()Z @ 5
Event: 2016.301 Thread 0x000000002a0cb000 Uncommon trap: reason=unstable_if action=reinterpret pc=0x00000000068bd86c method=com.android.tools.r8.ir.optimize.K.a(Lcom/android/tools/r8/s/b/k0;)Z @ 181
Event: 2018.146 Thread 0x000000002a0cb000 Uncommon trap: reason=unstable_if action=reinterpret pc=0x0000000005abf05c method=com.android.tools.r8.utils.T.a(C)Z @ 45
Event: 2025.089 Thread 0x000000002a0cb000 Uncommon trap: reason=unstable_if action=reinterpret pc=0x0000000002e32a68 method=java.util.HashMap.getNode(ILjava/lang/Object;)Ljava/util/HashMap$Node; @ 84

Classes redefined (0 events):
No events

Internal exceptions (10 events):
Event: 2011.742 Thread 0x000000002a0c9800 Exception <a 'sun/nio/fs/WindowsException'> (0x00000000e6d44b38) thrown at [C:\src\AOSP-openjdk-git\hotspot\src\share\vm\prims\jni.cpp, line 710]
Event: 2011.791 Thread 0x000000002a0cb000 Exception <a 'sun/nio/fs/WindowsException'> (0x00000000e7447fa8) thrown at [C:\src\AOSP-openjdk-git\hotspot\src\share\vm\prims\jni.cpp, line 710]
Event: 2011.916 Thread 0x000000002a0c9800 Exception <a 'sun/nio/fs/WindowsException'> (0x00000000e7b830e8) thrown at [C:\src\AOSP-openjdk-git\hotspot\src\share\vm\prims\jni.cpp, line 710]
Event: 2012.323 Thread 0x000000002a0cb000 Exception <a 'sun/nio/fs/WindowsException'> (0x00000000e7485fd0) thrown at [C:\src\AOSP-openjdk-git\hotspot\src\share\vm\prims\jni.cpp, line 710]
Event: 2012.403 Thread 0x000000002a0ca000 Exception <a 'sun/nio/fs/WindowsException'> (0x00000000e5a32f00) thrown at [C:\src\AOSP-openjdk-git\hotspot\src\share\vm\prims\jni.cpp, line 710]
Event: 2013.317 Thread 0x000000002a0cb000 Exception <a 'sun/nio/fs/WindowsException'> (0x00000000e7558ec8) thrown at [C:\src\AOSP-openjdk-git\hotspot\src\share\vm\prims\jni.cpp, line 710]
Event: 2013.357 Thread 0x000000002a0ca000 Exception <a 'sun/nio/fs/WindowsException'> (0x00000000e881ee50) thrown at [C:\src\AOSP-openjdk-git\hotspot\src\share\vm\prims\jni.cpp, line 710]
Event: 2013.421 Thread 0x000000002a0c9800 Exception <a 'sun/nio/fs/WindowsException'> (0x00000000e9ba6aa0) thrown at [C:\src\AOSP-openjdk-git\hotspot\src\share\vm\prims\jni.cpp, line 710]
Event: 2013.474 Thread 0x000000002a0cb000 Exception <a 'sun/nio/fs/WindowsException'> (0x00000000ea43cd00) thrown at [C:\src\AOSP-openjdk-git\hotspot\src\share\vm\prims\jni.cpp, line 710]
Event: 2013.517 Thread 0x000000002a0c8800 Exception <a 'sun/nio/fs/WindowsException'> (0x00000000ea2182a8) thrown at [C:\src\AOSP-openjdk-git\hotspot\src\share\vm\prims\jni.cpp, line 710]

Events (10 events):
Event: 2022.836 Thread 0x0000000017368800 flushing nmethod 0x0000000006137490
Event: 2022.837 Thread 0x0000000017368800 flushing nmethod 0x00000000062a8550
Event: 2022.838 Thread 0x0000000017368800 flushing nmethod 0x0000000006338a10
Event: 2022.841 Thread 0x0000000017368800 flushing nmethod 0x0000000006593390
Event: 2022.841 Thread 0x0000000017368800 flushing nmethod 0x0000000006624f90
Event: 2023.012 loading class com/android/tools/r8/ir/optimize/c0
Event: 2023.012 loading class com/android/tools/r8/ir/optimize/c0 done
Event: 2025.089 Thread 0x000000002a0cb000 Uncommon trap: trap_request=0xffffff65 fr.pc=0x0000000002e32a68
Event: 2025.089 Thread 0x000000002a0cb000 DEOPT PACKING pc=0x0000000002e32a68 sp=0x0000000020d8a5d0
Event: 2025.089 Thread 0x000000002a0cb000 DEOPT UNPACKING pc=0x000000000275557b sp=0x0000000020d8a4e0 mode 2


Dynamic libraries:
0x00007ff636c70000 - 0x00007ff636ca1000 	E:\Android Studio\jre\bin\java.exe
0x00007ffb796b0000 - 0x00007ffb798a5000 	C:\WINDOWS\SYSTEM32\ntdll.dll
0x00007ffb68610000 - 0x00007ffb68625000 	C:\Program Files\AVAST Software\Avast\aswhook.dll
0x00007ffb787b0000 - 0x00007ffb7886d000 	C:\WINDOWS\System32\KERNEL32.DLL
0x00007ffb76f10000 - 0x00007ffb771d9000 	C:\WINDOWS\System32\KERNELBASE.dll
0x00007ffb78700000 - 0x00007ffb787ac000 	C:\WINDOWS\System32\ADVAPI32.dll
0x00007ffb77de0000 - 0x00007ffb77e7e000 	C:\WINDOWS\System32\msvcrt.dll
0x00007ffb77eb0000 - 0x00007ffb77f4b000 	C:\WINDOWS\System32\sechost.dll
0x00007ffb77710000 - 0x00007ffb7783a000 	C:\WINDOWS\System32\RPCRT4.dll
0x00007ffb78aa0000 - 0x00007ffb78c40000 	C:\WINDOWS\System32\USER32.dll
0x00007ffb77690000 - 0x00007ffb776b2000 	C:\WINDOWS\System32\win32u.dll
0x00007ffb78870000 - 0x00007ffb7889a000 	C:\WINDOWS\System32\GDI32.dll
0x00007ffb774f0000 - 0x00007ffb775fb000 	C:\WINDOWS\System32\gdi32full.dll
0x00007ffb773a0000 - 0x00007ffb7743d000 	C:\WINDOWS\System32\msvcp_win.dll
0x00007ffb76de0000 - 0x00007ffb76ee0000 	C:\WINDOWS\System32\ucrtbase.dll
0x00007ffb761f0000 - 0x00007ffb7648a000 	C:\WINDOWS\WinSxS\amd64_microsoft.windows.common-controls_6595b64144ccf1df_6.0.19041.1110_none_60b5254171f9507e\COMCTL32.dll
0x00007ffb77e80000 - 0x00007ffb77eb0000 	C:\WINDOWS\System32\IMM32.DLL
0x000000006cd80000 - 0x000000006ce52000 	E:\Android Studio\jre\jre\bin\msvcr100.dll
0x000000006b6d0000 - 0x000000006bf1b000 	E:\Android Studio\jre\jre\bin\server\jvm.dll
0x00007ffb77d70000 - 0x00007ffb77d78000 	C:\WINDOWS\System32\PSAPI.DLL
0x00007ffb6cfa0000 - 0x00007ffb6cfc7000 	C:\WINDOWS\SYSTEM32\WINMM.dll
0x00007ffb5d970000 - 0x00007ffb5d979000 	C:\WINDOWS\SYSTEM32\WSOCK32.dll
0x00007ffb78690000 - 0x00007ffb786fb000 	C:\WINDOWS\System32\WS2_32.dll
0x00007ffb6e6e0000 - 0x00007ffb6e6ea000 	C:\WINDOWS\SYSTEM32\VERSION.dll
0x00007ffb6d800000 - 0x00007ffb6d80f000 	E:\Android Studio\jre\jre\bin\verify.dll
0x00007ffb69b60000 - 0x00007ffb69b89000 	E:\Android Studio\jre\jre\bin\java.dll
0x00007ffb69b40000 - 0x00007ffb69b56000 	E:\Android Studio\jre\jre\bin\zip.dll
0x00007ffb77f50000 - 0x00007ffb7868f000 	C:\WINDOWS\System32\SHELL32.dll
0x00007ffb74780000 - 0x00007ffb74f10000 	C:\WINDOWS\SYSTEM32\windows.storage.dll
0x00007ffb77a00000 - 0x00007ffb77d55000 	C:\WINDOWS\System32\combase.dll
0x00007ffb76150000 - 0x00007ffb7617c000 	C:\WINDOWS\SYSTEM32\Wldp.dll
0x00007ffb78ff0000 - 0x00007ffb7909e000 	C:\WINDOWS\System32\SHCORE.dll
0x00007ffb790a0000 - 0x00007ffb790f5000 	C:\WINDOWS\System32\shlwapi.dll
0x00007ffb76d20000 - 0x00007ffb76d3f000 	C:\WINDOWS\SYSTEM32\profapi.dll
0x00007ffb69b20000 - 0x00007ffb69b3a000 	E:\Android Studio\jre\jre\bin\net.dll
0x00007ffb76020000 - 0x00007ffb7608a000 	C:\WINDOWS\system32\mswsock.dll
0x00007ffb69320000 - 0x00007ffb69333000 	E:\Android Studio\jre\jre\bin\nio.dll
0x00007ffb67f40000 - 0x00007ffb67f67000 	C:\Users\EYM\.gradle\native\f6784746aeab05261644944871eae4fe03e0ef1612fff0a4a95f87b438bc6780\windows-amd64\native-platform.dll
0x00007ffb6cce0000 - 0x00007ffb6cced000 	E:\Android Studio\jre\jre\bin\management.dll
0x00007ffb76b60000 - 0x00007ffb76b78000 	C:\WINDOWS\SYSTEM32\CRYPTSP.dll
0x00007ffb757f0000 - 0x00007ffb75824000 	C:\WINDOWS\system32\rsaenh.dll
0x00007ffb76ee0000 - 0x00007ffb76f07000 	C:\WINDOWS\System32\bcrypt.dll
0x00007ffb76ce0000 - 0x00007ffb76d0e000 	C:\WINDOWS\SYSTEM32\USERENV.dll
0x00007ffb77600000 - 0x00007ffb77683000 	C:\WINDOWS\System32\bcryptprimitives.dll
0x00007ffb76110000 - 0x00007ffb7611c000 	C:\WINDOWS\SYSTEM32\CRYPTBASE.dll
0x00007ffb75ba0000 - 0x00007ffb75bdb000 	C:\WINDOWS\SYSTEM32\IPHLPAPI.DLL
0x00007ffb77d60000 - 0x00007ffb77d68000 	C:\WINDOWS\System32\NSI.dll
0x00007ffb6efb0000 - 0x00007ffb6efc7000 	C:\WINDOWS\SYSTEM32\dhcpcsvc6.DLL
0x00007ffb6ef90000 - 0x00007ffb6efad000 	C:\WINDOWS\SYSTEM32\dhcpcsvc.DLL
0x00007ffb75be0000 - 0x00007ffb75cac000 	C:\WINDOWS\SYSTEM32\DNSAPI.dll
0x00007ffb70640000 - 0x00007ffb7064b000 	C:\WINDOWS\SYSTEM32\WINNSI.DLL

VM Arguments:
jvm_args: -Xmx2048m -Dfile.encoding=UTF-8 -Duser.country=BR -Duser.language=pt -Duser.variant 
java_command: org.gradle.launcher.daemon.bootstrap.GradleDaemon 6.5
java_class_path (initial): C:\Users\EYM\.gradle\wrapper\dists\gradle-6.5-bin\6nifqtx7604sqp1q6g8wikw7p\gradle-6.5\lib\gradle-launcher-6.5.jar
Launcher Type: SUN_STANDARD

Environment Variables:
PATH=C:\Program Files (x86)\Common Files\Oracle\Java\javapath;C:\Windows\system32;C:\Windows;C:\Windows\System32\Wbem;C:\Windows\System32\WindowsPowerShell\v1.0\;C:\WINDOWS\system32;C:\WINDOWS;C:\WINDOWS\System32\Wbem;C:\WINDOWS\System32\WindowsPowerShell\v1.0\;C:\WINDOWS\System32\OpenSSH\;C:\Program Files (x86)\NVIDIA Corporation\PhysX\Common;C:\Program Files\NVIDIA Corporation\NVIDIA NvDLISR;C:\WINDOWS\system32;C:\WINDOWS;C:\WINDOWS\System32\Wbem;C:\WINDOWS\System32\WindowsPowerShell\v1.0\;C:\WINDOWS\System32\OpenSSH\;C:\Program Files\Microsoft SQL Server\Client SDK\ODBC\110\Tools\Binn\;C:\Program Files (x86)\Microsoft SQL Server\120\Tools\Binn\;C:\Program Files\Microsoft SQL Server\120\Tools\Binn\;C:\Program Files\Microsoft SQL Server\120\DTS\Binn\;C:\Program Files (x86)\Microsoft SQL Server\120\Tools\Binn\ManagementStudio\;C:\Program Files (x86)\Microsoft SQL Server\120\DTS\Binn\;C:\Program Files\dotnet\;C:\Program Files\Microsoft SQL Server\130\Tools\Binn\;C:\Program Files\Microsoft SQL Server\Client SDK\ODBC\170\Tools\Binn\;E:\Git\Git\cmd;C:\Users\EYM\AppData\Local\Microsoft\WindowsApps;E:\VS Code\Microsoft VS Code\bin
USERNAME=EYM
OS=Windows_NT
PROCESSOR_IDENTIFIER=Intel64 Family 6 Model 60 Stepping 3, GenuineIntel



---------------  S Y S T E M  ---------------

OS: Windows 10.0 , 64 bit Build 19041 (10.0.19041.1151)

CPU:total 4 (initial active 4) (4 cores per cpu, 1 threads per core) family 6 model 60 stepping 3, cmov, cx8, fxsr, mmx, sse, sse2, sse3, ssse3, sse4.1, sse4.2, popcnt, avx, avx2, aes, clmul, erms, lzcnt, tsc, tscinvbit, bmi1, bmi2

Memory: 4k page, physical 8246944k(464164k free), swap 22899228k(3880k free)

vm_info: OpenJDK 64-Bit Server VM (25.242-b01) for windows-amd64 JRE (1.8.0_242-release-1644-b01), built by "builder" with MS VC++ 10.0 (VS2010)

time: Mon Sep 06 21:44:20 2021
timezone: Hora oficial do Brasil
elapsed time: 2025 seconds (0d 0h 33m 45s)

